<?xml version="1.0" encoding="UTF-8"?>
<testng-results skipped="7" failed="0" total="7" passed="0">
  <reporter-output>
  </reporter-output>
  <suite name="Default suite" duration-ms="114" started-at="2020-07-22T07:26:23Z" finished-at="2020-07-22T07:26:23Z">
    <groups>
    </groups>
    <test name="Default test" duration-ms="114" started-at="2020-07-22T07:26:23Z" finished-at="2020-07-22T07:26:23Z">
      <class name="com.Test.Verification_Page_de_connexion_EP">
        <test-method status="FAIL" signature="beforeTest()[pri:0, instance:com.Test.Verification_Page_de_connexion_EP@85bdee]" name="beforeTest" is-config="true" duration-ms="0" started-at="2020-07-22T10:26:23Z" finished-at="2020-07-22T10:26:23Z">
          <exception class="org.openqa.selenium.WebDriverException">
            <message>
              <![CDATA[Cannot find firefox binary in PATH. Make sure firefox is installed. OS appears to be: VISTA
Build info: version: '2.45.0', revision: '5017cb8e7ca8e37638dc3091b2440b90a1d8686f', time: '2015-02-27 09:10:26'
System info: host: 'VBCDA-012', ip: '192.168.10.2', os.name: 'Windows 7', os.arch: 'x86', os.version: '6.1', java.version: '1.8.0_261'
Driver info: driver.version: FirefoxDriver]]>
            </message>
            <full-stacktrace>
              <![CDATA[org.openqa.selenium.WebDriverException: Cannot find firefox binary in PATH. Make sure firefox is installed. OS appears to be: VISTA
Build info: version: '2.45.0', revision: '5017cb8e7ca8e37638dc3091b2440b90a1d8686f', time: '2015-02-27 09:10:26'
System info: host: 'VBCDA-012', ip: '192.168.10.2', os.name: 'Windows 7', os.arch: 'x86', os.version: '6.1', java.version: '1.8.0_261'
Driver info: driver.version: FirefoxDriver
	at org.openqa.selenium.firefox.internal.Executable.<init>(Executable.java:72)
	at org.openqa.selenium.firefox.FirefoxBinary.<init>(FirefoxBinary.java:59)
	at org.openqa.selenium.firefox.FirefoxBinary.<init>(FirefoxBinary.java:55)
	at org.openqa.selenium.firefox.FirefoxDriver.<init>(FirefoxDriver.java:95)
	at com.Test.Verification_Page_de_connexion_EP.beforeTest(Verification_Page_de_connexion_EP.java:22)
	at sun.reflect.NativeMethodAccessorImpl.invoke0(Native Method)
	at sun.reflect.NativeMethodAccessorImpl.invoke(NativeMethodAccessorImpl.java:62)
	at sun.reflect.DelegatingMethodAccessorImpl.invoke(DelegatingMethodAccessorImpl.java:43)
	at java.lang.reflect.Method.invoke(Method.java:498)
	at org.testng.internal.MethodInvocationHelper.invokeMethod(MethodInvocationHelper.java:84)
	at org.testng.internal.Invoker.invokeConfigurationMethod(Invoker.java:564)
	at org.testng.internal.Invoker.invokeConfigurations(Invoker.java:213)
	at org.testng.internal.Invoker.invokeConfigurations(Invoker.java:138)
	at org.testng.TestRunner.beforeRun(TestRunner.java:641)
	at org.testng.TestRunner.run(TestRunner.java:609)
	at org.testng.SuiteRunner.runTest(SuiteRunner.java:348)
	at org.testng.SuiteRunner.runSequentially(SuiteRunner.java:343)
	at org.testng.SuiteRunner.privateRun(SuiteRunner.java:305)
	at org.testng.SuiteRunner.run(SuiteRunner.java:254)
	at org.testng.SuiteRunnerWorker.runSuite(SuiteRunnerWorker.java:52)
	at org.testng.SuiteRunnerWorker.run(SuiteRunnerWorker.java:86)
	at org.testng.TestNG.runSuitesSequentially(TestNG.java:1224)
	at org.testng.TestNG.runSuitesLocally(TestNG.java:1149)
	at org.testng.TestNG.run(TestNG.java:1057)
	at org.testng.remote.AbstractRemoteTestNG.run(AbstractRemoteTestNG.java:126)
	at org.testng.remote.RemoteTestNG.initAndRun(RemoteTestNG.java:137)
	at org.testng.remote.RemoteTestNG.main(RemoteTestNG.java:58)
]]>
            </full-stacktrace>
          </exception> <!-- org.openqa.selenium.WebDriverException -->
          <reporter-output>
          </reporter-output>
        </test-method> <!-- beforeTest -->
        <test-method status="SKIP" signature="cliquer_sur_le_bouton_se_connecter_du_header()[pri:0, instance:com.Test.Verification_Page_de_connexion_EP@85bdee]" name="cliquer_sur_le_bouton_se_connecter_du_header" duration-ms="1" started-at="2020-07-22T10:26:23Z" finished-at="2020-07-22T10:26:23Z">
          <reporter-output>
          </reporter-output>
        </test-method> <!-- cliquer_sur_le_bouton_se_connecter_du_header -->
        <test-method status="SKIP" signature="cliquer_sur_onglet_se_connecter()[pri:0, instance:com.Test.Verification_Page_de_connexion_EP@85bdee]" name="cliquer_sur_onglet_se_connecter" duration-ms="2" started-at="2020-07-22T10:26:23Z" finished-at="2020-07-22T10:26:23Z">
          <reporter-output>
          </reporter-output>
        </test-method> <!-- cliquer_sur_onglet_se_connecter -->
        <test-method status="SKIP" signature="verifier_presence_onglet_creer_un_compte()[pri:0, instance:com.Test.Verification_Page_de_connexion_EP@85bdee]" name="verifier_presence_onglet_creer_un_compte" duration-ms="1" started-at="2020-07-22T10:26:23Z" finished-at="2020-07-22T10:26:23Z">
          <reporter-output>
          </reporter-output>
        </test-method> <!-- verifier_presence_onglet_creer_un_compte -->
        <test-method status="SKIP" signature="verifier_presence_onglet_se_connecter()[pri:0, instance:com.Test.Verification_Page_de_connexion_EP@85bdee]" name="verifier_presence_onglet_se_connecter" duration-ms="1" started-at="2020-07-22T10:26:23Z" finished-at="2020-07-22T10:26:23Z">
          <reporter-output>
          </reporter-output>
        </test-method> <!-- verifier_presence_onglet_se_connecter -->
        <test-method status="SKIP" signature="verifier_presence_bouton_facebook()[pri:0, instance:com.Test.Verification_Page_de_connexion_EP@85bdee]" name="verifier_presence_bouton_facebook" duration-ms="1" started-at="2020-07-22T10:26:23Z" finished-at="2020-07-22T10:26:23Z">
          <reporter-output>
          </reporter-output>
        </test-method> <!-- verifier_presence_bouton_facebook -->
        <test-method status="SKIP" signature="verifier_presence_bouton_google()[pri:0, instance:com.Test.Verification_Page_de_connexion_EP@85bdee]" name="verifier_presence_bouton_google" duration-ms="1" started-at="2020-07-22T10:26:23Z" finished-at="2020-07-22T10:26:23Z">
          <reporter-output>
          </reporter-output>
        </test-method> <!-- verifier_presence_bouton_google -->
        <test-method status="SKIP" signature="verifier_presence_champ_email()[pri:0, instance:com.Test.Verification_Page_de_connexion_EP@85bdee]" name="verifier_presence_champ_email" duration-ms="1" started-at="2020-07-22T10:26:23Z" finished-at="2020-07-22T10:26:23Z">
          <reporter-output>
          </reporter-output>
        </test-method> <!-- verifier_presence_champ_email -->
      </class> <!-- com.Test.Verification_Page_de_connexion_EP -->
    </test> <!-- Default test -->
  </suite> <!-- Default suite -->
</testng-results>
